<?xml version="1.0" encoding="UTF-8"?>
<!-- Generated by org.testng.reporters.JUnitReportReporter -->
<testsuite hostname="MCTS-BLR-2020" failures="0" tests="1" name="Practice.firstTest" time="5.496" errors="0" timestamp="2022-06-15T13:01:46 IST" skipped="0">
  <testcase classname="Practice.firstTest" name="loginApp" time="5.496"/>
  <system-out/>
</testsuite> <!-- Practice.firstTest -->
